\BOOKMARK [0][-]{chapter.1}{CONCEPTO DE MEDIDA}{}% 1
\BOOKMARK [1][-]{section.1.1}{MEDIDA}{chapter.1}% 2
\BOOKMARK [1][-]{section.1.2}{FUNCIONES MEDIBLES}{chapter.1}% 3
\BOOKMARK [0][-]{chapter.2}{INTEGRAL DE LEBESQUE}{}% 4
\BOOKMARK [1][-]{section.2.1}{DEFINICI\323N DE INTEGRAL}{chapter.2}% 5
\BOOKMARK [2][-]{subsection.2.1.1}{Propiedades de la integral}{section.2.1}% 6
\BOOKMARK [1][-]{section.2.2}{FUNCIONES INTEGRABLES}{chapter.2}% 7
\BOOKMARK [2][-]{subsection.2.2.1}{C\341lculo de integrales en Rn}{section.2.2}% 8
\BOOKMARK [1][-]{section.2.3}{TEOREMA DEL CAMBIO DE VARIABLE}{chapter.2}% 9
\BOOKMARK [2][-]{subsection.2.3.1}{Cambios de sistemas de coordenadas}{section.2.3}% 10
\BOOKMARK [3][-]{section*.2}{Coordenadas polares}{subsection.2.3.1}% 11
\BOOKMARK [3][-]{ej.7}{Coordenadas cil\355ndricas}{subsection.2.3.1}% 12
\BOOKMARK [3][-]{ej.8}{Coordenadas Esf\351ricas}{subsection.2.3.1}% 13
\BOOKMARK [0][-]{chapter.3}{C\301LCULO VECTORIAL}{}% 14
\BOOKMARK [1][-]{section.3.1}{INTEGRAL DE L\315NEA}{chapter.3}% 15
\BOOKMARK [2][-]{subsection.3.1.1}{Definici\363n de curva}{section.3.1}% 16
\BOOKMARK [2][-]{subsection.3.1.2}{Concepto de Integral de L\355nea}{section.3.1}% 17
\BOOKMARK [1][-]{section.3.2}{INTEGRAL DE SUPERFICIE}{chapter.3}% 18
\BOOKMARK [2][-]{subsection.3.2.1}{Concepto de Integral de Superficie}{section.3.2}% 19
\BOOKMARK [2][-]{subsection.3.2.2}{Rotacional y Divergencia de un campo}{section.3.2}% 20
